have_library: checking for atan() in -lm... -------------------- no

"gcc -o conftest -I/usr/local/include/ruby-1.9.1/x86_64-linux -I/usr/local/include/ruby-1.9.1/ruby/backward -I/usr/local/include/ruby-1.9.1 -I. -I/usr/local/lib/ruby/gems/1.9.1/gems/libxml-ruby-1.1.4/ext     -O3 -ggdb -Wextra -Wno-unused-parameter -Wno-parentheses -Wpointer-arith -Wwrite-strings -Wno-missing-field-initializers -Wno-long-long conftest.c  -L. -L/usr/local/lib -Wl,-R/usr/local/lib -L/usr/local/lib -Wl,-R/usr/local/lib -L/usr/local/lib/ruby/gems/1.9.1/gems/libxml-ruby-1.1.4/lib -Wl,-R/usr/local/lib/ruby/gems/1.9.1/gems/libxml-ruby-1.1.4/lib -L.  -rdynamic -Wl,-export-dynamic     -Wl,-R -Wl,/usr/local/lib -L/usr/local/lib -lruby-static  -lpthread -lrt -ldl -lcrypt -lm   -lc"
checked program was:
/* begin */
1: #include "ruby.h"
2: 
3: int main() {return 0;}
/* end */

"gcc -o conftest -I/usr/local/include/ruby-1.9.1/x86_64-linux -I/usr/local/include/ruby-1.9.1/ruby/backward -I/usr/local/include/ruby-1.9.1 -I. -I/usr/local/lib/ruby/gems/1.9.1/gems/libxml-ruby-1.1.4/ext     -O3 -ggdb -Wextra -Wno-unused-parameter -Wno-parentheses -Wpointer-arith -Wwrite-strings -Wno-missing-field-initializers -Wno-long-long conftest.c  -L. -L/usr/local/lib -Wl,-R/usr/local/lib -L/usr/local/lib -Wl,-R/usr/local/lib -L/usr/local/lib/ruby/gems/1.9.1/gems/libxml-ruby-1.1.4/lib -Wl,-R/usr/local/lib/ruby/gems/1.9.1/gems/libxml-ruby-1.1.4/lib -L.  -rdynamic -Wl,-export-dynamic     -Wl,-R -Wl,/usr/local/lib -L/usr/local/lib -lruby-static -lm  -lpthread -lrt -ldl -lcrypt -lm   -lc"
conftest.c: In function ‘t’:
conftest.c:5: error: ‘atan’ undeclared (first use in this function)
conftest.c:5: error: (Each undeclared identifier is reported only once
conftest.c:5: error: for each function it appears in.)
checked program was:
/* begin */
1: #include "ruby.h"
2: 
3: /*top*/
4: int main() {return 0;}
5: int t() { void ((*volatile p)()); p = (void ((*)()))atan; return 0; }
/* end */

"gcc -o conftest -I/usr/local/include/ruby-1.9.1/x86_64-linux -I/usr/local/include/ruby-1.9.1/ruby/backward -I/usr/local/include/ruby-1.9.1 -I. -I/usr/local/lib/ruby/gems/1.9.1/gems/libxml-ruby-1.1.4/ext     -O3 -ggdb -Wextra -Wno-unused-parameter -Wno-parentheses -Wpointer-arith -Wwrite-strings -Wno-missing-field-initializers -Wno-long-long conftest.c  -L. -L/usr/local/lib -Wl,-R/usr/local/lib -L/usr/local/lib -Wl,-R/usr/local/lib -L/usr/local/lib/ruby/gems/1.9.1/gems/libxml-ruby-1.1.4/lib -Wl,-R/usr/local/lib/ruby/gems/1.9.1/gems/libxml-ruby-1.1.4/lib -L.  -rdynamic -Wl,-export-dynamic     -Wl,-R -Wl,/usr/local/lib -L/usr/local/lib -lruby-static -lm  -lpthread -lrt -ldl -lcrypt -lm   -lc"
conftest.c: In function ‘t’:
conftest.c:5: warning: incompatible implicit declaration of built-in function ‘atan’
conftest.c:5: error: too few arguments to function ‘atan’
checked program was:
/* begin */
1: #include "ruby.h"
2: 
3: /*top*/
4: int main() {return 0;}
5: int t() { atan(); return 0; }
/* end */

--------------------

have_library: checking for atan() in -lm... -------------------- yes

"gcc -o conftest -I/usr/local/include/ruby-1.9.1/x86_64-linux -I/usr/local/include/ruby-1.9.1/ruby/backward -I/usr/local/include/ruby-1.9.1 -I. -I/usr/local/lib/ruby/gems/1.9.1/gems/libxml-ruby-1.1.4/ext     -O3 -ggdb -Wextra -Wno-unused-parameter -Wno-parentheses -Wpointer-arith -Wwrite-strings -Wno-missing-field-initializers -Wno-long-long -fno-builtin conftest.c  -L. -L/usr/local/lib -Wl,-R/usr/local/lib -L/usr/local/lib -Wl,-R/usr/local/lib -L/usr/local/lib/ruby/gems/1.9.1/gems/libxml-ruby-1.1.4/lib -Wl,-R/usr/local/lib/ruby/gems/1.9.1/gems/libxml-ruby-1.1.4/lib -L.  -rdynamic -Wl,-export-dynamic     -Wl,-R -Wl,/usr/local/lib -L/usr/local/lib -lruby-static -lm  -lpthread -lrt -ldl -lcrypt -lm   -lc"
conftest.c: In function ‘t’:
conftest.c:5: error: ‘atan’ undeclared (first use in this function)
conftest.c:5: error: (Each undeclared identifier is reported only once
conftest.c:5: error: for each function it appears in.)
checked program was:
/* begin */
1: #include "ruby.h"
2: 
3: /*top*/
4: int main() {return 0;}
5: int t() { void ((*volatile p)()); p = (void ((*)()))atan; return 0; }
/* end */

"gcc -o conftest -I/usr/local/include/ruby-1.9.1/x86_64-linux -I/usr/local/include/ruby-1.9.1/ruby/backward -I/usr/local/include/ruby-1.9.1 -I. -I/usr/local/lib/ruby/gems/1.9.1/gems/libxml-ruby-1.1.4/ext     -O3 -ggdb -Wextra -Wno-unused-parameter -Wno-parentheses -Wpointer-arith -Wwrite-strings -Wno-missing-field-initializers -Wno-long-long -fno-builtin conftest.c  -L. -L/usr/local/lib -Wl,-R/usr/local/lib -L/usr/local/lib -Wl,-R/usr/local/lib -L/usr/local/lib/ruby/gems/1.9.1/gems/libxml-ruby-1.1.4/lib -Wl,-R/usr/local/lib/ruby/gems/1.9.1/gems/libxml-ruby-1.1.4/lib -L.  -rdynamic -Wl,-export-dynamic     -Wl,-R -Wl,/usr/local/lib -L/usr/local/lib -lruby-static -lm  -lpthread -lrt -ldl -lcrypt -lm   -lc"
checked program was:
/* begin */
1: #include "ruby.h"
2: 
3: /*top*/
4: int main() {return 0;}
5: int t() { atan(); return 0; }
/* end */

--------------------

have_library: checking for inflate() in -lz... -------------------- yes

"gcc -o conftest -I/usr/local/include/ruby-1.9.1/x86_64-linux -I/usr/local/include/ruby-1.9.1/ruby/backward -I/usr/local/include/ruby-1.9.1 -I. -I/usr/local/lib/ruby/gems/1.9.1/gems/libxml-ruby-1.1.4/ext     -O3 -ggdb -Wextra -Wno-unused-parameter -Wno-parentheses -Wpointer-arith -Wwrite-strings -Wno-missing-field-initializers -Wno-long-long conftest.c  -L. -L/usr/local/lib -Wl,-R/usr/local/lib -L/usr/local/lib -Wl,-R/usr/local/lib -L/usr/local/lib/ruby/gems/1.9.1/gems/libxml-ruby-1.1.4/lib -Wl,-R/usr/local/lib/ruby/gems/1.9.1/gems/libxml-ruby-1.1.4/lib -L.  -rdynamic -Wl,-export-dynamic    -lm  -Wl,-R -Wl,/usr/local/lib -L/usr/local/lib -lruby-static -lz -lm  -lpthread -lrt -ldl -lcrypt -lm   -lc"
conftest.c: In function ‘t’:
conftest.c:5: error: ‘inflate’ undeclared (first use in this function)
conftest.c:5: error: (Each undeclared identifier is reported only once
conftest.c:5: error: for each function it appears in.)
checked program was:
/* begin */
1: #include "ruby.h"
2: 
3: /*top*/
4: int main() {return 0;}
5: int t() { void ((*volatile p)()); p = (void ((*)()))inflate; return 0; }
/* end */

"gcc -o conftest -I/usr/local/include/ruby-1.9.1/x86_64-linux -I/usr/local/include/ruby-1.9.1/ruby/backward -I/usr/local/include/ruby-1.9.1 -I. -I/usr/local/lib/ruby/gems/1.9.1/gems/libxml-ruby-1.1.4/ext     -O3 -ggdb -Wextra -Wno-unused-parameter -Wno-parentheses -Wpointer-arith -Wwrite-strings -Wno-missing-field-initializers -Wno-long-long conftest.c  -L. -L/usr/local/lib -Wl,-R/usr/local/lib -L/usr/local/lib -Wl,-R/usr/local/lib -L/usr/local/lib/ruby/gems/1.9.1/gems/libxml-ruby-1.1.4/lib -Wl,-R/usr/local/lib/ruby/gems/1.9.1/gems/libxml-ruby-1.1.4/lib -L.  -rdynamic -Wl,-export-dynamic    -lm  -Wl,-R -Wl,/usr/local/lib -L/usr/local/lib -lruby-static -lz -lm  -lpthread -lrt -ldl -lcrypt -lm   -lc"
checked program was:
/* begin */
1: #include "ruby.h"
2: 
3: /*top*/
4: int main() {return 0;}
5: int t() { inflate(); return 0; }
/* end */

--------------------

have_library: checking for xmlXPtrNewRange() in -lxml2... -------------------- yes

"gcc -o conftest -I/usr/local/include/ruby-1.9.1/x86_64-linux -I/usr/local/include/ruby-1.9.1/ruby/backward -I/usr/local/include/ruby-1.9.1 -I. -I/usr/local/lib/ruby/gems/1.9.1/gems/libxml-ruby-1.1.4/ext     -O3 -ggdb -Wextra -Wno-unused-parameter -Wno-parentheses -Wpointer-arith -Wwrite-strings -Wno-missing-field-initializers -Wno-long-long conftest.c  -L. -L/usr/local/lib -Wl,-R/usr/local/lib -L/usr/local/lib -Wl,-R/usr/local/lib -L/usr/local/lib/ruby/gems/1.9.1/gems/libxml-ruby-1.1.4/lib -Wl,-R/usr/local/lib/ruby/gems/1.9.1/gems/libxml-ruby-1.1.4/lib -L.  -rdynamic -Wl,-export-dynamic    -lz -lm  -Wl,-R -Wl,/usr/local/lib -L/usr/local/lib -lruby-static -lxml2 -lz -lm  -lpthread -lrt -ldl -lcrypt -lm   -lc"
conftest.c: In function ‘t’:
conftest.c:5: error: ‘xmlXPtrNewRange’ undeclared (first use in this function)
conftest.c:5: error: (Each undeclared identifier is reported only once
conftest.c:5: error: for each function it appears in.)
checked program was:
/* begin */
1: #include "ruby.h"
2: 
3: /*top*/
4: int main() {return 0;}
5: int t() { void ((*volatile p)()); p = (void ((*)()))xmlXPtrNewRange; return 0; }
/* end */

"gcc -o conftest -I/usr/local/include/ruby-1.9.1/x86_64-linux -I/usr/local/include/ruby-1.9.1/ruby/backward -I/usr/local/include/ruby-1.9.1 -I. -I/usr/local/lib/ruby/gems/1.9.1/gems/libxml-ruby-1.1.4/ext     -O3 -ggdb -Wextra -Wno-unused-parameter -Wno-parentheses -Wpointer-arith -Wwrite-strings -Wno-missing-field-initializers -Wno-long-long conftest.c  -L. -L/usr/local/lib -Wl,-R/usr/local/lib -L/usr/local/lib -Wl,-R/usr/local/lib -L/usr/local/lib/ruby/gems/1.9.1/gems/libxml-ruby-1.1.4/lib -Wl,-R/usr/local/lib/ruby/gems/1.9.1/gems/libxml-ruby-1.1.4/lib -L.  -rdynamic -Wl,-export-dynamic    -lz -lm  -Wl,-R -Wl,/usr/local/lib -L/usr/local/lib -lruby-static -lxml2 -lz -lm  -lpthread -lrt -ldl -lcrypt -lm   -lc"
checked program was:
/* begin */
1: #include "ruby.h"
2: 
3: /*top*/
4: int main() {return 0;}
5: int t() { xmlXPtrNewRange(); return 0; }
/* end */

--------------------

have_header: checking for libxml/xmlversion.h... -------------------- no

"gcc -E -I/usr/local/include/ruby-1.9.1/x86_64-linux -I/usr/local/include/ruby-1.9.1/ruby/backward -I/usr/local/include/ruby-1.9.1 -I. -I/usr/local/lib/ruby/gems/1.9.1/gems/libxml-ruby-1.1.4/ext     -O3 -ggdb -Wextra -Wno-unused-parameter -Wno-parentheses -Wpointer-arith -Wwrite-strings -Wno-missing-field-initializers -Wno-long-long  conftest.c -o conftest.i"
conftest.c:3: fatal error: libxml/xmlversion.h: Aucun fichier ou dossier de ce type
compilation terminated.
checked program was:
/* begin */
1: #include "ruby.h"
2: 
3: #include <libxml/xmlversion.h>
/* end */

--------------------

find_header: checking for libxml/xmlversion.h in /opt/include/libxml2,/usr/local/include/libxml2,/usr/include/libxml2... -------------------- yes

"gcc -E -I/usr/local/include/ruby-1.9.1/x86_64-linux -I/usr/local/include/ruby-1.9.1/ruby/backward -I/usr/local/include/ruby-1.9.1 -I. -I/usr/local/lib/ruby/gems/1.9.1/gems/libxml-ruby-1.1.4/ext     -O3 -ggdb -Wextra -Wno-unused-parameter -Wno-parentheses -Wpointer-arith -Wwrite-strings -Wno-missing-field-initializers -Wno-long-long  conftest.c -o conftest.i"
conftest.c:3: fatal error: libxml/xmlversion.h: Aucun fichier ou dossier de ce type
compilation terminated.
checked program was:
/* begin */
1: #include "ruby.h"
2: 
3: #include <libxml/xmlversion.h>
/* end */

"gcc -E -I/usr/local/include/ruby-1.9.1/x86_64-linux -I/usr/local/include/ruby-1.9.1/ruby/backward -I/usr/local/include/ruby-1.9.1 -I. -I/usr/local/lib/ruby/gems/1.9.1/gems/libxml-ruby-1.1.4/ext     -O3 -ggdb -Wextra -Wno-unused-parameter -Wno-parentheses -Wpointer-arith -Wwrite-strings -Wno-missing-field-initializers -Wno-long-long -I/opt/include/libxml2 conftest.c -o conftest.i"
conftest.c:3: fatal error: libxml/xmlversion.h: Aucun fichier ou dossier de ce type
compilation terminated.
checked program was:
/* begin */
1: #include "ruby.h"
2: 
3: #include <libxml/xmlversion.h>
/* end */

"gcc -E -I/usr/local/include/ruby-1.9.1/x86_64-linux -I/usr/local/include/ruby-1.9.1/ruby/backward -I/usr/local/include/ruby-1.9.1 -I. -I/usr/local/lib/ruby/gems/1.9.1/gems/libxml-ruby-1.1.4/ext     -O3 -ggdb -Wextra -Wno-unused-parameter -Wno-parentheses -Wpointer-arith -Wwrite-strings -Wno-missing-field-initializers -Wno-long-long -I/usr/local/include/libxml2 conftest.c -o conftest.i"
conftest.c:3: fatal error: libxml/xmlversion.h: Aucun fichier ou dossier de ce type
compilation terminated.
checked program was:
/* begin */
1: #include "ruby.h"
2: 
3: #include <libxml/xmlversion.h>
/* end */

"gcc -E -I/usr/local/include/ruby-1.9.1/x86_64-linux -I/usr/local/include/ruby-1.9.1/ruby/backward -I/usr/local/include/ruby-1.9.1 -I. -I/usr/local/lib/ruby/gems/1.9.1/gems/libxml-ruby-1.1.4/ext     -O3 -ggdb -Wextra -Wno-unused-parameter -Wno-parentheses -Wpointer-arith -Wwrite-strings -Wno-missing-field-initializers -Wno-long-long -I/usr/include/libxml2 conftest.c -o conftest.i"
checked program was:
/* begin */
1: #include "ruby.h"
2: 
3: #include <libxml/xmlversion.h>
/* end */

--------------------

have_library: checking for xsltApplyStylesheet() in -lxslt... -------------------- yes

"gcc -o conftest -I/usr/local/include/ruby-1.9.1/x86_64-linux -I/usr/local/include/ruby-1.9.1/ruby/backward -I/usr/local/include/ruby-1.9.1 -I. -I/usr/local/lib/ruby/gems/1.9.1/gems/libxml-ruby-1.1.4/ext -I/usr/include/libxml2     -O3 -ggdb -Wextra -Wno-unused-parameter -Wno-parentheses -Wpointer-arith -Wwrite-strings -Wno-missing-field-initializers -Wno-long-long conftest.c  -L. -L/usr/local/lib -Wl,-R/usr/local/lib -L/usr/local/lib -Wl,-R/usr/local/lib -L/usr/local/lib/ruby/gems/1.9.1/gems/libxml-ruby-1.1.4/lib -Wl,-R/usr/local/lib/ruby/gems/1.9.1/gems/libxml-ruby-1.1.4/lib -L.  -rdynamic -Wl,-export-dynamic    -lxml2 -lz -lm  -Wl,-R -Wl,/usr/local/lib -L/usr/local/lib -lruby-static -lxslt -lxml2 -lz -lm  -lpthread -lrt -ldl -lcrypt -lm   -lc"
conftest.c: In function ‘t’:
conftest.c:5: error: ‘xsltApplyStylesheet’ undeclared (first use in this function)
conftest.c:5: error: (Each undeclared identifier is reported only once
conftest.c:5: error: for each function it appears in.)
checked program was:
/* begin */
1: #include "ruby.h"
2: 
3: /*top*/
4: int main() {return 0;}
5: int t() { void ((*volatile p)()); p = (void ((*)()))xsltApplyStylesheet; return 0; }
/* end */

"gcc -o conftest -I/usr/local/include/ruby-1.9.1/x86_64-linux -I/usr/local/include/ruby-1.9.1/ruby/backward -I/usr/local/include/ruby-1.9.1 -I. -I/usr/local/lib/ruby/gems/1.9.1/gems/libxml-ruby-1.1.4/ext -I/usr/include/libxml2     -O3 -ggdb -Wextra -Wno-unused-parameter -Wno-parentheses -Wpointer-arith -Wwrite-strings -Wno-missing-field-initializers -Wno-long-long conftest.c  -L. -L/usr/local/lib -Wl,-R/usr/local/lib -L/usr/local/lib -Wl,-R/usr/local/lib -L/usr/local/lib/ruby/gems/1.9.1/gems/libxml-ruby-1.1.4/lib -Wl,-R/usr/local/lib/ruby/gems/1.9.1/gems/libxml-ruby-1.1.4/lib -L.  -rdynamic -Wl,-export-dynamic    -lxml2 -lz -lm  -Wl,-R -Wl,/usr/local/lib -L/usr/local/lib -lruby-static -lxslt -lxml2 -lz -lm  -lpthread -lrt -ldl -lcrypt -lm   -lc"
checked program was:
/* begin */
1: #include "ruby.h"
2: 
3: /*top*/
4: int main() {return 0;}
5: int t() { xsltApplyStylesheet(); return 0; }
/* end */

--------------------

have_header: checking for xslt.h... -------------------- no

"gcc -E -I/usr/local/include/ruby-1.9.1/x86_64-linux -I/usr/local/include/ruby-1.9.1/ruby/backward -I/usr/local/include/ruby-1.9.1 -I. -I/usr/local/lib/ruby/gems/1.9.1/gems/libxml-ruby-1.1.4/ext -I/usr/include/libxml2     -O3 -ggdb -Wextra -Wno-unused-parameter -Wno-parentheses -Wpointer-arith -Wwrite-strings -Wno-missing-field-initializers -Wno-long-long  conftest.c -o conftest.i"
conftest.c:3: fatal error: xslt.h: Aucun fichier ou dossier de ce type
compilation terminated.
checked program was:
/* begin */
1: #include "ruby.h"
2: 
3: #include <xslt.h>
/* end */

--------------------

find_header: checking for xslt.h in /opt/include/libxslt,/usr/local/include/libxslt,/usr/include/libxslt... -------------------- yes

"gcc -E -I/usr/local/include/ruby-1.9.1/x86_64-linux -I/usr/local/include/ruby-1.9.1/ruby/backward -I/usr/local/include/ruby-1.9.1 -I. -I/usr/local/lib/ruby/gems/1.9.1/gems/libxml-ruby-1.1.4/ext -I/usr/include/libxml2     -O3 -ggdb -Wextra -Wno-unused-parameter -Wno-parentheses -Wpointer-arith -Wwrite-strings -Wno-missing-field-initializers -Wno-long-long  conftest.c -o conftest.i"
conftest.c:3: fatal error: xslt.h: Aucun fichier ou dossier de ce type
compilation terminated.
checked program was:
/* begin */
1: #include "ruby.h"
2: 
3: #include <xslt.h>
/* end */

"gcc -E -I/usr/local/include/ruby-1.9.1/x86_64-linux -I/usr/local/include/ruby-1.9.1/ruby/backward -I/usr/local/include/ruby-1.9.1 -I. -I/usr/local/lib/ruby/gems/1.9.1/gems/libxml-ruby-1.1.4/ext -I/usr/include/libxml2     -O3 -ggdb -Wextra -Wno-unused-parameter -Wno-parentheses -Wpointer-arith -Wwrite-strings -Wno-missing-field-initializers -Wno-long-long -I/opt/include/libxslt conftest.c -o conftest.i"
conftest.c:3: fatal error: xslt.h: Aucun fichier ou dossier de ce type
compilation terminated.
checked program was:
/* begin */
1: #include "ruby.h"
2: 
3: #include <xslt.h>
/* end */

"gcc -E -I/usr/local/include/ruby-1.9.1/x86_64-linux -I/usr/local/include/ruby-1.9.1/ruby/backward -I/usr/local/include/ruby-1.9.1 -I. -I/usr/local/lib/ruby/gems/1.9.1/gems/libxml-ruby-1.1.4/ext -I/usr/include/libxml2     -O3 -ggdb -Wextra -Wno-unused-parameter -Wno-parentheses -Wpointer-arith -Wwrite-strings -Wno-missing-field-initializers -Wno-long-long -I/usr/local/include/libxslt conftest.c -o conftest.i"
conftest.c:3: fatal error: xslt.h: Aucun fichier ou dossier de ce type
compilation terminated.
checked program was:
/* begin */
1: #include "ruby.h"
2: 
3: #include <xslt.h>
/* end */

"gcc -E -I/usr/local/include/ruby-1.9.1/x86_64-linux -I/usr/local/include/ruby-1.9.1/ruby/backward -I/usr/local/include/ruby-1.9.1 -I. -I/usr/local/lib/ruby/gems/1.9.1/gems/libxml-ruby-1.1.4/ext -I/usr/include/libxml2     -O3 -ggdb -Wextra -Wno-unused-parameter -Wno-parentheses -Wpointer-arith -Wwrite-strings -Wno-missing-field-initializers -Wno-long-long -I/usr/include/libxslt conftest.c -o conftest.i"
checked program was:
/* begin */
1: #include "ruby.h"
2: 
3: #include <xslt.h>
/* end */

--------------------

have_library: checking for exsltLibexsltVersion() in -lexslt... -------------------- yes

"gcc -o conftest -I/usr/local/include/ruby-1.9.1/x86_64-linux -I/usr/local/include/ruby-1.9.1/ruby/backward -I/usr/local/include/ruby-1.9.1 -I. -I/usr/local/lib/ruby/gems/1.9.1/gems/libxml-ruby-1.1.4/ext -I/usr/include/libxml2 -I/usr/include/libxslt     -O3 -ggdb -Wextra -Wno-unused-parameter -Wno-parentheses -Wpointer-arith -Wwrite-strings -Wno-missing-field-initializers -Wno-long-long conftest.c  -L. -L/usr/local/lib -Wl,-R/usr/local/lib -L/usr/local/lib -Wl,-R/usr/local/lib -L/usr/local/lib/ruby/gems/1.9.1/gems/libxml-ruby-1.1.4/lib -Wl,-R/usr/local/lib/ruby/gems/1.9.1/gems/libxml-ruby-1.1.4/lib -L.  -rdynamic -Wl,-export-dynamic    -lxslt -lxml2 -lz -lm  -Wl,-R -Wl,/usr/local/lib -L/usr/local/lib -lruby-static -lexslt -lxslt -lxml2 -lz -lm  -lpthread -lrt -ldl -lcrypt -lm   -lc"
conftest.c: In function ‘t’:
conftest.c:5: error: ‘exsltLibexsltVersion’ undeclared (first use in this function)
conftest.c:5: error: (Each undeclared identifier is reported only once
conftest.c:5: error: for each function it appears in.)
checked program was:
/* begin */
1: #include "ruby.h"
2: 
3: /*top*/
4: int main() {return 0;}
5: int t() { void ((*volatile p)()); p = (void ((*)()))exsltLibexsltVersion; return 0; }
/* end */

"gcc -o conftest -I/usr/local/include/ruby-1.9.1/x86_64-linux -I/usr/local/include/ruby-1.9.1/ruby/backward -I/usr/local/include/ruby-1.9.1 -I. -I/usr/local/lib/ruby/gems/1.9.1/gems/libxml-ruby-1.1.4/ext -I/usr/include/libxml2 -I/usr/include/libxslt     -O3 -ggdb -Wextra -Wno-unused-parameter -Wno-parentheses -Wpointer-arith -Wwrite-strings -Wno-missing-field-initializers -Wno-long-long conftest.c  -L. -L/usr/local/lib -Wl,-R/usr/local/lib -L/usr/local/lib -Wl,-R/usr/local/lib -L/usr/local/lib/ruby/gems/1.9.1/gems/libxml-ruby-1.1.4/lib -Wl,-R/usr/local/lib/ruby/gems/1.9.1/gems/libxml-ruby-1.1.4/lib -L.  -rdynamic -Wl,-export-dynamic    -lxslt -lxml2 -lz -lm  -Wl,-R -Wl,/usr/local/lib -L/usr/local/lib -lruby-static -lexslt -lxslt -lxml2 -lz -lm  -lpthread -lrt -ldl -lcrypt -lm   -lc"
checked program was:
/* begin */
1: #include "ruby.h"
2: 
3: /*top*/
4: int main() {return 0;}
5: int t() { exsltLibexsltVersion(); return 0; }
/* end */

--------------------

have_header: checking for exslt.h... -------------------- no

"gcc -E -I/usr/local/include/ruby-1.9.1/x86_64-linux -I/usr/local/include/ruby-1.9.1/ruby/backward -I/usr/local/include/ruby-1.9.1 -I. -I/usr/local/lib/ruby/gems/1.9.1/gems/libxml-ruby-1.1.4/ext -I/usr/include/libxml2 -I/usr/include/libxslt     -O3 -ggdb -Wextra -Wno-unused-parameter -Wno-parentheses -Wpointer-arith -Wwrite-strings -Wno-missing-field-initializers -Wno-long-long  conftest.c -o conftest.i"
conftest.c:3: fatal error: exslt.h: Aucun fichier ou dossier de ce type
compilation terminated.
checked program was:
/* begin */
1: #include "ruby.h"
2: 
3: #include <exslt.h>
/* end */

--------------------

find_header: checking for exslt.h in /opt/include/libexslt,/usr/local/include/libexslt,/usr/include/libexslt... -------------------- yes

"gcc -E -I/usr/local/include/ruby-1.9.1/x86_64-linux -I/usr/local/include/ruby-1.9.1/ruby/backward -I/usr/local/include/ruby-1.9.1 -I. -I/usr/local/lib/ruby/gems/1.9.1/gems/libxml-ruby-1.1.4/ext -I/usr/include/libxml2 -I/usr/include/libxslt     -O3 -ggdb -Wextra -Wno-unused-parameter -Wno-parentheses -Wpointer-arith -Wwrite-strings -Wno-missing-field-initializers -Wno-long-long  conftest.c -o conftest.i"
conftest.c:3: fatal error: exslt.h: Aucun fichier ou dossier de ce type
compilation terminated.
checked program was:
/* begin */
1: #include "ruby.h"
2: 
3: #include <exslt.h>
/* end */

"gcc -E -I/usr/local/include/ruby-1.9.1/x86_64-linux -I/usr/local/include/ruby-1.9.1/ruby/backward -I/usr/local/include/ruby-1.9.1 -I. -I/usr/local/lib/ruby/gems/1.9.1/gems/libxml-ruby-1.1.4/ext -I/usr/include/libxml2 -I/usr/include/libxslt     -O3 -ggdb -Wextra -Wno-unused-parameter -Wno-parentheses -Wpointer-arith -Wwrite-strings -Wno-missing-field-initializers -Wno-long-long -I/opt/include/libexslt conftest.c -o conftest.i"
conftest.c:3: fatal error: exslt.h: Aucun fichier ou dossier de ce type
compilation terminated.
checked program was:
/* begin */
1: #include "ruby.h"
2: 
3: #include <exslt.h>
/* end */

"gcc -E -I/usr/local/include/ruby-1.9.1/x86_64-linux -I/usr/local/include/ruby-1.9.1/ruby/backward -I/usr/local/include/ruby-1.9.1 -I. -I/usr/local/lib/ruby/gems/1.9.1/gems/libxml-ruby-1.1.4/ext -I/usr/include/libxml2 -I/usr/include/libxslt     -O3 -ggdb -Wextra -Wno-unused-parameter -Wno-parentheses -Wpointer-arith -Wwrite-strings -Wno-missing-field-initializers -Wno-long-long -I/usr/local/include/libexslt conftest.c -o conftest.i"
conftest.c:3: fatal error: exslt.h: Aucun fichier ou dossier de ce type
compilation terminated.
checked program was:
/* begin */
1: #include "ruby.h"
2: 
3: #include <exslt.h>
/* end */

"gcc -E -I/usr/local/include/ruby-1.9.1/x86_64-linux -I/usr/local/include/ruby-1.9.1/ruby/backward -I/usr/local/include/ruby-1.9.1 -I. -I/usr/local/lib/ruby/gems/1.9.1/gems/libxml-ruby-1.1.4/ext -I/usr/include/libxml2 -I/usr/include/libxslt     -O3 -ggdb -Wextra -Wno-unused-parameter -Wno-parentheses -Wpointer-arith -Wwrite-strings -Wno-missing-field-initializers -Wno-long-long -I/usr/include/libexslt conftest.c -o conftest.i"
checked program was:
/* begin */
1: #include "ruby.h"
2: 
3: #include <exslt.h>
/* end */

--------------------

have_header: checking for libxml/ruby_libxml.h... -------------------- yes

"gcc -E -I/usr/local/include/ruby-1.9.1/x86_64-linux -I/usr/local/include/ruby-1.9.1/ruby/backward -I/usr/local/include/ruby-1.9.1 -I. -I/usr/local/lib/ruby/gems/1.9.1/gems/libxml-ruby-1.1.4/ext -I/usr/include/libxml2 -I/usr/include/libxslt -I/usr/include/libexslt     -O3 -ggdb -Wextra -Wno-unused-parameter -Wno-parentheses -Wpointer-arith -Wwrite-strings -Wno-missing-field-initializers -Wno-long-long  conftest.c -o conftest.i"
checked program was:
/* begin */
1: #include "ruby.h"
2: 
3: #include <libxml/ruby_libxml.h>
/* end */

--------------------

have_header: checking for libxml/ruby_xml_document.h... -------------------- yes

"gcc -E -I/usr/local/include/ruby-1.9.1/x86_64-linux -I/usr/local/include/ruby-1.9.1/ruby/backward -I/usr/local/include/ruby-1.9.1 -I. -I/usr/local/lib/ruby/gems/1.9.1/gems/libxml-ruby-1.1.4/ext -I/usr/include/libxml2 -I/usr/include/libxslt -I/usr/include/libexslt     -O3 -ggdb -Wextra -Wno-unused-parameter -Wno-parentheses -Wpointer-arith -Wwrite-strings -Wno-missing-field-initializers -Wno-long-long  conftest.c -o conftest.i"
checked program was:
/* begin */
1: #include "ruby.h"
2: 
3: #include <libxml/ruby_xml_document.h>
/* end */

--------------------

have_library: checking for rxml_document_wrap() in -lxml_ruby... -------------------- no

"gcc -o conftest -I/usr/local/include/ruby-1.9.1/x86_64-linux -I/usr/local/include/ruby-1.9.1/ruby/backward -I/usr/local/include/ruby-1.9.1 -I. -I/usr/local/lib/ruby/gems/1.9.1/gems/libxml-ruby-1.1.4/ext -I/usr/include/libxml2 -I/usr/include/libxslt -I/usr/include/libexslt     -O3 -ggdb -Wextra -Wno-unused-parameter -Wno-parentheses -Wpointer-arith -Wwrite-strings -Wno-missing-field-initializers -Wno-long-long conftest.c  -L. -L/usr/local/lib -Wl,-R/usr/local/lib -L/usr/local/lib -Wl,-R/usr/local/lib -L/usr/local/lib/ruby/gems/1.9.1/gems/libxml-ruby-1.1.4/lib -Wl,-R/usr/local/lib/ruby/gems/1.9.1/gems/libxml-ruby-1.1.4/lib -L.  -rdynamic -Wl,-export-dynamic    -lexslt -lxslt -lxml2 -lz -lm  -Wl,-R -Wl,/usr/local/lib -L/usr/local/lib -lruby-static -lxml_ruby -lexslt -lxslt -lxml2 -lz -lm  -lpthread -lrt -ldl -lcrypt -lm   -lc"
conftest.c: In function ‘t’:
conftest.c:5: error: ‘rxml_document_wrap’ undeclared (first use in this function)
conftest.c:5: error: (Each undeclared identifier is reported only once
conftest.c:5: error: for each function it appears in.)
checked program was:
/* begin */
1: #include "ruby.h"
2: 
3: /*top*/
4: int main() {return 0;}
5: int t() { void ((*volatile p)()); p = (void ((*)()))rxml_document_wrap; return 0; }
/* end */

"gcc -o conftest -I/usr/local/include/ruby-1.9.1/x86_64-linux -I/usr/local/include/ruby-1.9.1/ruby/backward -I/usr/local/include/ruby-1.9.1 -I. -I/usr/local/lib/ruby/gems/1.9.1/gems/libxml-ruby-1.1.4/ext -I/usr/include/libxml2 -I/usr/include/libxslt -I/usr/include/libexslt     -O3 -ggdb -Wextra -Wno-unused-parameter -Wno-parentheses -Wpointer-arith -Wwrite-strings -Wno-missing-field-initializers -Wno-long-long conftest.c  -L. -L/usr/local/lib -Wl,-R/usr/local/lib -L/usr/local/lib -Wl,-R/usr/local/lib -L/usr/local/lib/ruby/gems/1.9.1/gems/libxml-ruby-1.1.4/lib -Wl,-R/usr/local/lib/ruby/gems/1.9.1/gems/libxml-ruby-1.1.4/lib -L.  -rdynamic -Wl,-export-dynamic    -lexslt -lxslt -lxml2 -lz -lm  -Wl,-R -Wl,/usr/local/lib -L/usr/local/lib -lruby-static -lxml_ruby -lexslt -lxslt -lxml2 -lz -lm  -lpthread -lrt -ldl -lcrypt -lm   -lc"
/usr/local/lib/ruby/gems/1.9.1/gems/libxml-ruby-1.1.4/lib/libxml_ruby.so: undefined reference to `rb_class_new_instance'
/usr/local/lib/ruby/gems/1.9.1/gems/libxml-ruby-1.1.4/lib/libxml_ruby.so: undefined reference to `rb_eTypeError'
/usr/local/lib/ruby/gems/1.9.1/gems/libxml-ruby-1.1.4/lib/libxml_ruby.so: undefined reference to `rb_ivar_set'
/usr/local/lib/ruby/gems/1.9.1/gems/libxml-ruby-1.1.4/lib/libxml_ruby.so: undefined reference to `ruby_snprintf'
/usr/local/lib/ruby/gems/1.9.1/gems/libxml-ruby-1.1.4/lib/libxml_ruby.so: undefined reference to `rb_iv_set'
/usr/local/lib/ruby/gems/1.9.1/gems/libxml-ruby-1.1.4/lib/libxml_ruby.so: undefined reference to `rb_define_class_under'
/usr/local/lib/ruby/gems/1.9.1/gems/libxml-ruby-1.1.4/lib/libxml_ruby.so: undefined reference to `rb_mEnumerable'
/usr/local/lib/ruby/gems/1.9.1/gems/libxml-ruby-1.1.4/lib/libxml_ruby.so: undefined reference to `rb_hash_aref'
/usr/local/lib/ruby/gems/1.9.1/gems/libxml-ruby-1.1.4/lib/libxml_ruby.so: undefined reference to `rb_include_module'
/usr/local/lib/ruby/gems/1.9.1/gems/libxml-ruby-1.1.4/lib/libxml_ruby.so: undefined reference to `rb_funcall'
/usr/local/lib/ruby/gems/1.9.1/gems/libxml-ruby-1.1.4/lib/libxml_ruby.so: undefined reference to `rb_hash_aset'
/usr/local/lib/ruby/gems/1.9.1/gems/libxml-ruby-1.1.4/lib/libxml_ruby.so: undefined reference to `rb_check_string_type'
/usr/local/lib/ruby/gems/1.9.1/gems/libxml-ruby-1.1.4/lib/libxml_ruby.so: undefined reference to `rb_define_attr'
/usr/local/lib/ruby/gems/1.9.1/gems/libxml-ruby-1.1.4/lib/libxml_ruby.so: undefined reference to `rb_define_method'
/usr/local/lib/ruby/gems/1.9.1/gems/libxml-ruby-1.1.4/lib/libxml_ruby.so: undefined reference to `rb_fix2int'
/usr/local/lib/ruby/gems/1.9.1/gems/libxml-ruby-1.1.4/lib/libxml_ruby.so: undefined reference to `rb_str_new'
/usr/local/lib/ruby/gems/1.9.1/gems/libxml-ruby-1.1.4/lib/libxml_ruby.so: undefined reference to `rb_cvar_get'
/usr/local/lib/ruby/gems/1.9.1/gems/libxml-ruby-1.1.4/lib/libxml_ruby.so: undefined reference to `st_foreach'
/usr/local/lib/ruby/gems/1.9.1/gems/libxml-ruby-1.1.4/lib/libxml_ruby.so: undefined reference to `rb_eRuntimeError'
/usr/local/lib/ruby/gems/1.9.1/gems/libxml-ruby-1.1.4/lib/libxml_ruby.so: undefined reference to `rb_str_cat2'
/usr/local/lib/ruby/gems/1.9.1/gems/libxml-ruby-1.1.4/lib/libxml_ruby.so: undefined reference to `rb_define_singleton_method'
/usr/local/lib/ruby/gems/1.9.1/gems/libxml-ruby-1.1.4/lib/libxml_ruby.so: undefined reference to `rb_hash_new'
/usr/local/lib/ruby/gems/1.9.1/gems/libxml-ruby-1.1.4/lib/libxml_ruby.so: undefined reference to `rb_mKernel'
/usr/local/lib/ruby/gems/1.9.1/gems/libxml-ruby-1.1.4/lib/libxml_ruby.so: undefined reference to `rb_define_module'
/usr/local/lib/ruby/gems/1.9.1/gems/libxml-ruby-1.1.4/lib/libxml_ruby.so: undefined reference to `rb_string_value_ptr'
/usr/local/lib/ruby/gems/1.9.1/gems/libxml-ruby-1.1.4/lib/libxml_ruby.so: undefined reference to `rb_exc_raise'
/usr/local/lib/ruby/gems/1.9.1/gems/libxml-ruby-1.1.4/lib/libxml_ruby.so: undefined reference to `rb_string_value_cstr'
/usr/local/lib/ruby/gems/1.9.1/gems/libxml-ruby-1.1.4/lib/libxml_ruby.so: undefined reference to `rb_block_given_p'
/usr/local/lib/ruby/gems/1.9.1/gems/libxml-ruby-1.1.4/lib/libxml_ruby.so: undefined reference to `rb_block_proc'
/usr/local/lib/ruby/gems/1.9.1/gems/libxml-ruby-1.1.4/lib/libxml_ruby.so: undefined reference to `rb_intern2'
/usr/local/lib/ruby/gems/1.9.1/gems/libxml-ruby-1.1.4/lib/libxml_ruby.so: undefined reference to `rb_cvar_set'
/usr/local/lib/ruby/gems/1.9.1/gems/libxml-ruby-1.1.4/lib/libxml_ruby.so: undefined reference to `rb_fatal'
/usr/local/lib/ruby/gems/1.9.1/gems/libxml-ruby-1.1.4/lib/libxml_ruby.so: undefined reference to `rb_scan_args'
/usr/local/lib/ruby/gems/1.9.1/gems/libxml-ruby-1.1.4/lib/libxml_ruby.so: undefined reference to `rb_str_cat'
/usr/local/lib/ruby/gems/1.9.1/gems/libxml-ruby-1.1.4/lib/libxml_ruby.so: undefined reference to `rb_ary_new3'
/usr/local/lib/ruby/gems/1.9.1/gems/libxml-ruby-1.1.4/lib/libxml_ruby.so: undefined reference to `rb_num2int'
/usr/local/lib/ruby/gems/1.9.1/gems/libxml-ruby-1.1.4/lib/libxml_ruby.so: undefined reference to `rb_str_new_cstr'
/usr/local/lib/ruby/gems/1.9.1/gems/libxml-ruby-1.1.4/lib/libxml_ruby.so: undefined reference to `ruby_xmalloc'
/usr/local/lib/ruby/gems/1.9.1/gems/libxml-ruby-1.1.4/lib/libxml_ruby.so: undefined reference to `rb_warning'
/usr/local/lib/ruby/gems/1.9.1/gems/libxml-ruby-1.1.4/lib/libxml_ruby.so: undefined reference to `rb_exc_new2'
/usr/local/lib/ruby/gems/1.9.1/gems/libxml-ruby-1.1.4/lib/libxml_ruby.so: undefined reference to `rb_obj_is_kind_of'
/usr/local/lib/ruby/gems/1.9.1/gems/libxml-ruby-1.1.4/lib/libxml_ruby.so: undefined reference to `rb_define_alias'
/usr/local/lib/ruby/gems/1.9.1/gems/libxml-ruby-1.1.4/lib/libxml_ruby.so: undefined reference to `rb_ary_new'
/usr/local/lib/ruby/gems/1.9.1/gems/libxml-ruby-1.1.4/lib/libxml_ruby.so: undefined reference to `rb_obj_as_string'
/usr/local/lib/ruby/gems/1.9.1/gems/libxml-ruby-1.1.4/lib/libxml_ruby.so: undefined reference to `rb_eStandardError'
/usr/local/lib/ruby/gems/1.9.1/gems/libxml-ruby-1.1.4/lib/libxml_ruby.so: undefined reference to `rb_define_module_under'
/usr/local/lib/ruby/gems/1.9.1/gems/libxml-ruby-1.1.4/lib/libxml_ruby.so: undefined reference to `rb_define_module_function'
/usr/local/lib/ruby/gems/1.9.1/gems/libxml-ruby-1.1.4/lib/libxml_ruby.so: undefined reference to `rb_warn'
/usr/local/lib/ruby/gems/1.9.1/gems/libxml-ruby-1.1.4/lib/libxml_ruby.so: undefined reference to `rb_gc_mark'
/usr/local/lib/ruby/gems/1.9.1/gems/libxml-ruby-1.1.4/lib/libxml_ruby.so: undefined reference to `rb_int2big'
/usr/local/lib/ruby/gems/1.9.1/gems/libxml-ruby-1.1.4/lib/libxml_ruby.so: undefined reference to `rb_float_new'
/usr/local/lib/ruby/gems/1.9.1/gems/libxml-ruby-1.1.4/lib/libxml_ruby.so: undefined reference to `rb_data_object_alloc'
/usr/local/lib/ruby/gems/1.9.1/gems/libxml-ruby-1.1.4/lib/libxml_ruby.so: undefined reference to `rb_define_alloc_func'
/usr/local/lib/ruby/gems/1.9.1/gems/libxml-ruby-1.1.4/lib/libxml_ruby.so: undefined reference to `rb_ivar_get'
/usr/local/lib/ruby/gems/1.9.1/gems/libxml-ruby-1.1.4/lib/libxml_ruby.so: undefined reference to `rb_raise'
/usr/local/lib/ruby/gems/1.9.1/gems/libxml-ruby-1.1.4/lib/libxml_ruby.so: undefined reference to `rb_respond_to'
/usr/local/lib/ruby/gems/1.9.1/gems/libxml-ruby-1.1.4/lib/libxml_ruby.so: undefined reference to `rb_check_type'
/usr/local/lib/ruby/gems/1.9.1/gems/libxml-ruby-1.1.4/lib/libxml_ruby.so: undefined reference to `ruby_xfree'
/usr/local/lib/ruby/gems/1.9.1/gems/libxml-ruby-1.1.4/lib/libxml_ruby.so: undefined reference to `ruby_xmalloc2'
/usr/local/lib/ruby/gems/1.9.1/gems/libxml-ruby-1.1.4/lib/libxml_ruby.so: undefined reference to `rb_gc_unregister_address'
/usr/local/lib/ruby/gems/1.9.1/gems/libxml-ruby-1.1.4/lib/libxml_ruby.so: undefined reference to `rb_eArgError'
/usr/local/lib/ruby/gems/1.9.1/gems/libxml-ruby-1.1.4/lib/libxml_ruby.so: undefined reference to `rb_define_const'
/usr/local/lib/ruby/gems/1.9.1/gems/libxml-ruby-1.1.4/lib/libxml_ruby.so: undefined reference to `rb_ary_push'
/usr/local/lib/ruby/gems/1.9.1/gems/libxml-ruby-1.1.4/lib/libxml_ruby.so: undefined reference to `rb_cObject'
/usr/local/lib/ruby/gems/1.9.1/gems/libxml-ruby-1.1.4/lib/libxml_ruby.so: undefined reference to `rb_yield'
/usr/local/lib/ruby/gems/1.9.1/gems/libxml-ruby-1.1.4/lib/libxml_ruby.so: undefined reference to `rb_hash_tbl'
collect2: ld returned 1 exit status
checked program was:
/* begin */
1: #include "ruby.h"
2: 
3: /*top*/
4: int main() {return 0;}
5: int t() { rxml_document_wrap(); return 0; }
/* end */

--------------------

have_library: checking for rxml_document_wrap() in -l:libxml_ruby.so... -------------------- no

"gcc -o conftest -I/usr/local/include/ruby-1.9.1/x86_64-linux -I/usr/local/include/ruby-1.9.1/ruby/backward -I/usr/local/include/ruby-1.9.1 -I. -I/usr/local/lib/ruby/gems/1.9.1/gems/libxml-ruby-1.1.4/ext -I/usr/include/libxml2 -I/usr/include/libxslt -I/usr/include/libexslt     -O3 -ggdb -Wextra -Wno-unused-parameter -Wno-parentheses -Wpointer-arith -Wwrite-strings -Wno-missing-field-initializers -Wno-long-long conftest.c  -L. -L/usr/local/lib -Wl,-R/usr/local/lib -L/usr/local/lib -Wl,-R/usr/local/lib -L/usr/local/lib/ruby/gems/1.9.1/gems/libxml-ruby-1.1.4/lib -Wl,-R/usr/local/lib/ruby/gems/1.9.1/gems/libxml-ruby-1.1.4/lib -L.  -rdynamic -Wl,-export-dynamic    -lexslt -lxslt -lxml2 -lz -lm  -Wl,-R -Wl,/usr/local/lib -L/usr/local/lib -lruby-static -l:libxml_ruby.so -lexslt -lxslt -lxml2 -lz -lm  -lpthread -lrt -ldl -lcrypt -lm   -lc"
conftest.c: In function ‘t’:
conftest.c:5: error: ‘rxml_document_wrap’ undeclared (first use in this function)
conftest.c:5: error: (Each undeclared identifier is reported only once
conftest.c:5: error: for each function it appears in.)
checked program was:
/* begin */
1: #include "ruby.h"
2: 
3: /*top*/
4: int main() {return 0;}
5: int t() { void ((*volatile p)()); p = (void ((*)()))rxml_document_wrap; return 0; }
/* end */

"gcc -o conftest -I/usr/local/include/ruby-1.9.1/x86_64-linux -I/usr/local/include/ruby-1.9.1/ruby/backward -I/usr/local/include/ruby-1.9.1 -I. -I/usr/local/lib/ruby/gems/1.9.1/gems/libxml-ruby-1.1.4/ext -I/usr/include/libxml2 -I/usr/include/libxslt -I/usr/include/libexslt     -O3 -ggdb -Wextra -Wno-unused-parameter -Wno-parentheses -Wpointer-arith -Wwrite-strings -Wno-missing-field-initializers -Wno-long-long conftest.c  -L. -L/usr/local/lib -Wl,-R/usr/local/lib -L/usr/local/lib -Wl,-R/usr/local/lib -L/usr/local/lib/ruby/gems/1.9.1/gems/libxml-ruby-1.1.4/lib -Wl,-R/usr/local/lib/ruby/gems/1.9.1/gems/libxml-ruby-1.1.4/lib -L.  -rdynamic -Wl,-export-dynamic    -lexslt -lxslt -lxml2 -lz -lm  -Wl,-R -Wl,/usr/local/lib -L/usr/local/lib -lruby-static -l:libxml_ruby.so -lexslt -lxslt -lxml2 -lz -lm  -lpthread -lrt -ldl -lcrypt -lm   -lc"
/usr/local/lib/ruby/gems/1.9.1/gems/libxml-ruby-1.1.4/lib/libxml_ruby.so: undefined reference to `rb_class_new_instance'
/usr/local/lib/ruby/gems/1.9.1/gems/libxml-ruby-1.1.4/lib/libxml_ruby.so: undefined reference to `rb_eTypeError'
/usr/local/lib/ruby/gems/1.9.1/gems/libxml-ruby-1.1.4/lib/libxml_ruby.so: undefined reference to `rb_ivar_set'
/usr/local/lib/ruby/gems/1.9.1/gems/libxml-ruby-1.1.4/lib/libxml_ruby.so: undefined reference to `ruby_snprintf'
/usr/local/lib/ruby/gems/1.9.1/gems/libxml-ruby-1.1.4/lib/libxml_ruby.so: undefined reference to `rb_iv_set'
/usr/local/lib/ruby/gems/1.9.1/gems/libxml-ruby-1.1.4/lib/libxml_ruby.so: undefined reference to `rb_define_class_under'
/usr/local/lib/ruby/gems/1.9.1/gems/libxml-ruby-1.1.4/lib/libxml_ruby.so: undefined reference to `rb_mEnumerable'
/usr/local/lib/ruby/gems/1.9.1/gems/libxml-ruby-1.1.4/lib/libxml_ruby.so: undefined reference to `rb_hash_aref'
/usr/local/lib/ruby/gems/1.9.1/gems/libxml-ruby-1.1.4/lib/libxml_ruby.so: undefined reference to `rb_include_module'
/usr/local/lib/ruby/gems/1.9.1/gems/libxml-ruby-1.1.4/lib/libxml_ruby.so: undefined reference to `rb_funcall'
/usr/local/lib/ruby/gems/1.9.1/gems/libxml-ruby-1.1.4/lib/libxml_ruby.so: undefined reference to `rb_hash_aset'
/usr/local/lib/ruby/gems/1.9.1/gems/libxml-ruby-1.1.4/lib/libxml_ruby.so: undefined reference to `rb_check_string_type'
/usr/local/lib/ruby/gems/1.9.1/gems/libxml-ruby-1.1.4/lib/libxml_ruby.so: undefined reference to `rb_define_attr'
/usr/local/lib/ruby/gems/1.9.1/gems/libxml-ruby-1.1.4/lib/libxml_ruby.so: undefined reference to `rb_define_method'
/usr/local/lib/ruby/gems/1.9.1/gems/libxml-ruby-1.1.4/lib/libxml_ruby.so: undefined reference to `rb_fix2int'
/usr/local/lib/ruby/gems/1.9.1/gems/libxml-ruby-1.1.4/lib/libxml_ruby.so: undefined reference to `rb_str_new'
/usr/local/lib/ruby/gems/1.9.1/gems/libxml-ruby-1.1.4/lib/libxml_ruby.so: undefined reference to `rb_cvar_get'
/usr/local/lib/ruby/gems/1.9.1/gems/libxml-ruby-1.1.4/lib/libxml_ruby.so: undefined reference to `st_foreach'
/usr/local/lib/ruby/gems/1.9.1/gems/libxml-ruby-1.1.4/lib/libxml_ruby.so: undefined reference to `rb_eRuntimeError'
/usr/local/lib/ruby/gems/1.9.1/gems/libxml-ruby-1.1.4/lib/libxml_ruby.so: undefined reference to `rb_str_cat2'
/usr/local/lib/ruby/gems/1.9.1/gems/libxml-ruby-1.1.4/lib/libxml_ruby.so: undefined reference to `rb_define_singleton_method'
/usr/local/lib/ruby/gems/1.9.1/gems/libxml-ruby-1.1.4/lib/libxml_ruby.so: undefined reference to `rb_hash_new'
/usr/local/lib/ruby/gems/1.9.1/gems/libxml-ruby-1.1.4/lib/libxml_ruby.so: undefined reference to `rb_mKernel'
/usr/local/lib/ruby/gems/1.9.1/gems/libxml-ruby-1.1.4/lib/libxml_ruby.so: undefined reference to `rb_define_module'
/usr/local/lib/ruby/gems/1.9.1/gems/libxml-ruby-1.1.4/lib/libxml_ruby.so: undefined reference to `rb_string_value_ptr'
/usr/local/lib/ruby/gems/1.9.1/gems/libxml-ruby-1.1.4/lib/libxml_ruby.so: undefined reference to `rb_exc_raise'
/usr/local/lib/ruby/gems/1.9.1/gems/libxml-ruby-1.1.4/lib/libxml_ruby.so: undefined reference to `rb_string_value_cstr'
/usr/local/lib/ruby/gems/1.9.1/gems/libxml-ruby-1.1.4/lib/libxml_ruby.so: undefined reference to `rb_block_given_p'
/usr/local/lib/ruby/gems/1.9.1/gems/libxml-ruby-1.1.4/lib/libxml_ruby.so: undefined reference to `rb_block_proc'
/usr/local/lib/ruby/gems/1.9.1/gems/libxml-ruby-1.1.4/lib/libxml_ruby.so: undefined reference to `rb_intern2'
/usr/local/lib/ruby/gems/1.9.1/gems/libxml-ruby-1.1.4/lib/libxml_ruby.so: undefined reference to `rb_cvar_set'
/usr/local/lib/ruby/gems/1.9.1/gems/libxml-ruby-1.1.4/lib/libxml_ruby.so: undefined reference to `rb_fatal'
/usr/local/lib/ruby/gems/1.9.1/gems/libxml-ruby-1.1.4/lib/libxml_ruby.so: undefined reference to `rb_scan_args'
/usr/local/lib/ruby/gems/1.9.1/gems/libxml-ruby-1.1.4/lib/libxml_ruby.so: undefined reference to `rb_str_cat'
/usr/local/lib/ruby/gems/1.9.1/gems/libxml-ruby-1.1.4/lib/libxml_ruby.so: undefined reference to `rb_ary_new3'
/usr/local/lib/ruby/gems/1.9.1/gems/libxml-ruby-1.1.4/lib/libxml_ruby.so: undefined reference to `rb_num2int'
/usr/local/lib/ruby/gems/1.9.1/gems/libxml-ruby-1.1.4/lib/libxml_ruby.so: undefined reference to `rb_str_new_cstr'
/usr/local/lib/ruby/gems/1.9.1/gems/libxml-ruby-1.1.4/lib/libxml_ruby.so: undefined reference to `ruby_xmalloc'
/usr/local/lib/ruby/gems/1.9.1/gems/libxml-ruby-1.1.4/lib/libxml_ruby.so: undefined reference to `rb_warning'
/usr/local/lib/ruby/gems/1.9.1/gems/libxml-ruby-1.1.4/lib/libxml_ruby.so: undefined reference to `rb_exc_new2'
/usr/local/lib/ruby/gems/1.9.1/gems/libxml-ruby-1.1.4/lib/libxml_ruby.so: undefined reference to `rb_obj_is_kind_of'
/usr/local/lib/ruby/gems/1.9.1/gems/libxml-ruby-1.1.4/lib/libxml_ruby.so: undefined reference to `rb_define_alias'
/usr/local/lib/ruby/gems/1.9.1/gems/libxml-ruby-1.1.4/lib/libxml_ruby.so: undefined reference to `rb_ary_new'
/usr/local/lib/ruby/gems/1.9.1/gems/libxml-ruby-1.1.4/lib/libxml_ruby.so: undefined reference to `rb_obj_as_string'
/usr/local/lib/ruby/gems/1.9.1/gems/libxml-ruby-1.1.4/lib/libxml_ruby.so: undefined reference to `rb_eStandardError'
/usr/local/lib/ruby/gems/1.9.1/gems/libxml-ruby-1.1.4/lib/libxml_ruby.so: undefined reference to `rb_define_module_under'
/usr/local/lib/ruby/gems/1.9.1/gems/libxml-ruby-1.1.4/lib/libxml_ruby.so: undefined reference to `rb_define_module_function'
/usr/local/lib/ruby/gems/1.9.1/gems/libxml-ruby-1.1.4/lib/libxml_ruby.so: undefined reference to `rb_warn'
/usr/local/lib/ruby/gems/1.9.1/gems/libxml-ruby-1.1.4/lib/libxml_ruby.so: undefined reference to `rb_gc_mark'
/usr/local/lib/ruby/gems/1.9.1/gems/libxml-ruby-1.1.4/lib/libxml_ruby.so: undefined reference to `rb_int2big'
/usr/local/lib/ruby/gems/1.9.1/gems/libxml-ruby-1.1.4/lib/libxml_ruby.so: undefined reference to `rb_float_new'
/usr/local/lib/ruby/gems/1.9.1/gems/libxml-ruby-1.1.4/lib/libxml_ruby.so: undefined reference to `rb_data_object_alloc'
/usr/local/lib/ruby/gems/1.9.1/gems/libxml-ruby-1.1.4/lib/libxml_ruby.so: undefined reference to `rb_define_alloc_func'
/usr/local/lib/ruby/gems/1.9.1/gems/libxml-ruby-1.1.4/lib/libxml_ruby.so: undefined reference to `rb_ivar_get'
/usr/local/lib/ruby/gems/1.9.1/gems/libxml-ruby-1.1.4/lib/libxml_ruby.so: undefined reference to `rb_raise'
/usr/local/lib/ruby/gems/1.9.1/gems/libxml-ruby-1.1.4/lib/libxml_ruby.so: undefined reference to `rb_respond_to'
/usr/local/lib/ruby/gems/1.9.1/gems/libxml-ruby-1.1.4/lib/libxml_ruby.so: undefined reference to `rb_check_type'
/usr/local/lib/ruby/gems/1.9.1/gems/libxml-ruby-1.1.4/lib/libxml_ruby.so: undefined reference to `ruby_xfree'
/usr/local/lib/ruby/gems/1.9.1/gems/libxml-ruby-1.1.4/lib/libxml_ruby.so: undefined reference to `ruby_xmalloc2'
/usr/local/lib/ruby/gems/1.9.1/gems/libxml-ruby-1.1.4/lib/libxml_ruby.so: undefined reference to `rb_gc_unregister_address'
/usr/local/lib/ruby/gems/1.9.1/gems/libxml-ruby-1.1.4/lib/libxml_ruby.so: undefined reference to `rb_eArgError'
/usr/local/lib/ruby/gems/1.9.1/gems/libxml-ruby-1.1.4/lib/libxml_ruby.so: undefined reference to `rb_define_const'
/usr/local/lib/ruby/gems/1.9.1/gems/libxml-ruby-1.1.4/lib/libxml_ruby.so: undefined reference to `rb_ary_push'
/usr/local/lib/ruby/gems/1.9.1/gems/libxml-ruby-1.1.4/lib/libxml_ruby.so: undefined reference to `rb_cObject'
/usr/local/lib/ruby/gems/1.9.1/gems/libxml-ruby-1.1.4/lib/libxml_ruby.so: undefined reference to `rb_yield'
/usr/local/lib/ruby/gems/1.9.1/gems/libxml-ruby-1.1.4/lib/libxml_ruby.so: undefined reference to `rb_hash_tbl'
collect2: ld returned 1 exit status
checked program was:
/* begin */
1: #include "ruby.h"
2: 
3: /*top*/
4: int main() {return 0;}
5: int t() { rxml_document_wrap(); return 0; }
/* end */

--------------------

